GET /songs 200 351 - 12.665 ms
::1 - - [29/Mar/2023:10:43:36 +0000] "POST /songs/randomSongs HTTP/1.1" 404 157
::1 - - [29/Mar/2023:10:43:49 +0000] "POST /songs/randomSong HTTP/1.1" 200 51
::1 - - [29/Mar/2023:10:43:52 +0000] "POST /songs/randomSong HTTP/1.1" 200 54
::1 - - [29/Mar/2023:10:43:53 +0000] "POST /songs/randomSong HTTP/1.1" 200 71
::1 - - [30/Mar/2023:04:26:46 +0000] "POST /xss HTTP/1.1" 500 1418
::1 - - [30/Mar/2023:04:27:07 +0000] "POST /xss HTTP/1.1" 200 -
::1 - - [30/Mar/2023:04:30:42 +0000] "POST /xss HTTP/1.1" 200 -
::1 - - [30/Mar/2023:04:37:07 +0000] "POST /xss HTTP/1.1" 200 -
::1 - - [30/Mar/2023:04:41:30 +0000] "POST /xss HTTP/1.1" 400 32
::1 - - [30/Mar/2023:04:42:37 +0000] "POST /xss HTTP/1.1" 400 32
::1 - - [30/Mar/2023:04:44:01 +0000] "POST /xss HTTP/1.1" 400 32
::1 - - [30/Mar/2023:04:47:44 +0000] "POST /xss HTTP/1.1" 400 32
::1 - - [30/Mar/2023:04:47:45 +0000] "POST /xss HTTP/1.1" 400 32
::1 - - [30/Mar/2023:04:47:46 +0000] "POST /xss HTTP/1.1" 400 32
::1 - - [30/Mar/2023:04:47:49 +0000] "POST /xss HTTP/1.1" 400 32
::1 - - [30/Mar/2023:04:47:50 +0000] "POST /xss HTTP/1.1" 400 32
::1 - - [30/Mar/2023:04:47:51 +0000] "POST /xss HTTP/1.1" 400 32
::1 - - [30/Mar/2023:04:47:52 +0000] "POST /xss HTTP/1.1" 400 32
::1 - - [30/Mar/2023:04:52:39 +0000] "POST /xss HTTP/1.1" 200 52
::1 - - [30/Mar/2023:10:08:27 +0000] "POST /xss HTTP/1.1" 200 53
::1 - - [31/Mar/2023:07:26:01 +0000] "POST /songs HTTP/1.1" 200 413
::1 - - [31/Mar/2023:07:26:21 +0000] "POST /songs HTTP/1.1" 200 541
::1 - - [31/Mar/2023:07:45:58 +0000] "GET /songs HTTP/1.1" 200 541
::1 - - [31/Mar/2023:14:16:14 +0000] "POST /signup HTTP/1.1" 200 18
::1 - - [31/Mar/2023:14:17:20 +0000] "POST /signin HTTP/1.1" 200 312
::1 - - [31/Mar/2023:14:18:31 +0000] "POST /signin HTTP/1.1" 200 11
::1 - - [31/Mar/2023:14:18:47 +0000] "POST /token HTTP/1.1" 403 9
::1 - - [31/Mar/2023:14:19:11 +0000] "POST /signin HTTP/1.1" 200 312
::1 - - [31/Mar/2023:14:19:27 +0000] "POST /token HTTP/1.1" 403 9
::1 - - [31/Mar/2023:14:25:33 +0000] "POST /signin HTTP/1.1" 200 312
::1 - - [31/Mar/2023:14:25:54 +0000] "POST /token HTTP/1.1" 403 9
::1 - - [31/Mar/2023:14:26:53 +0000] "POST /signin HTTP/1.1" 200 312
::1 - - [31/Mar/2023:14:27:21 +0000] "POST /token HTTP/1.1" 500 1487
::1 - - [31/Mar/2023:14:30:49 +0000] "POST /token HTTP/1.1" 200 167
::1 - - [31/Mar/2023:14:31:45 +0000] "GET /songs HTTP/1.1" 200 541
::1 - - [31/Mar/2023:14:31:56 +0000] "GET /songs HTTP/1.1" 403 9
::1 - - [01/Apr/2023:07:55:49 +0000] "GET /songs HTTP/1.1" 403 9
::1 - - [01/Apr/2023:07:55:50 +0000] "GET /songs HTTP/1.1" 403 9
::1 - - [01/Apr/2023:07:56:48 +0000] "POST /signin HTTP/1.1" 200 312
::1 - - [01/Apr/2023:07:57:08 +0000] "POST /token HTTP/1.1" 200 167
::1 - - [01/Apr/2023:07:57:29 +0000] "GET /songs HTTP/1.1" 200 541
::1 - - [01/Apr/2023:07:59:10 +0000] "DELETE /token HTTP/1.1" 204 -
::1 - - [01/Apr/2023:07:59:18 +0000] "DELETE /token HTTP/1.1" 204 -
::1 - - [01/Apr/2023:08:00:37 +0000] "POST /signin HTTP/1.1" 200 312
::1 - - [01/Apr/2023:08:00:53 +0000] "POST /token HTTP/1.1" 200 145
::1 - - [01/Apr/2023:08:01:07 +0000] "DELETE /token HTTP/1.1" 204 -
::1 - - [01/Apr/2023:08:01:52 +0000] "DELETE /token HTTP/1.1" 204 -
::1 - - [01/Apr/2023:08:02:51 +0000] "DELETE /token HTTP/1.1" 200 26
::1 - - [01/Apr/2023:08:03:22 +0000] "GET /songs HTTP/1.1" 200 541
::1 - - [01/Apr/2023:08:03:25 +0000] "GET /songs HTTP/1.1" 200 541
::1 - - [01/Apr/2023:08:03:26 +0000] "GET /songs HTTP/1.1" 200 541
::1 - - [01/Apr/2023:08:03:50 +0000] "GET /songs HTTP/1.1" 200 541
::1 - - [01/Apr/2023:08:04:51 +0000] "DELETE /token HTTP/1.1" 200 26
::1 - - [01/Apr/2023:08:04:55 +0000] "GET /songs HTTP/1.1" 200 541
